WARNING - 2014-07-28 17:31:28,317 - Python Server is Initiated
WARNING - 2014-07-28 17:31:30,265 - Python Server is Initiated
WARNING - 2014-07-28 17:31:49,940 - shinyeht queries for assigned_to:shinyeht	 fix_by_product:	 fix_by_version:	 product:.
WARNING - 2014-07-28 17:32:54,318 - shinyeht queries for assigned_to:shinyeht	 fix_by_product:	 fix_by_version:	 product:.
WARNING - 2014-07-28 17:33:22,699 - shinyeht queries for assigned_to:shinyeht	 fix_by_product:	 fix_by_version:	 product:.
WARNING - 2014-07-28 17:35:57,301 - shinyeht queries for assigned_to:shinyeht	 fix_by_product:	 fix_by_version:	 product:.
WARNING - 2014-07-28 18:15:06,516 - Python Server is Initiated
WARNING - 2014-07-28 18:15:37,002 - Python Server is Initiated
WARNING - 2014-07-28 18:15:41,740 - Python Server is Initiated
WARNING - 2014-07-28 19:24:43,095 - Python Server is Initiated
WARNING - 2014-07-28 19:24:46,474 - Python Server is Initiated
WARNING - 2014-07-28 19:24:51,082 - shinyeht logout successfully.
WARNING - 2014-07-28 19:24:57,984 - shinyeht login into the bugzilla successfully.
WARNING - 2014-07-28 19:25:06,371 - shinyeht queries for assigned_to:shinyeht	 fix_by_product:	 fix_by_version:	 product:.
WARNING - 2014-07-28 19:25:28,628 - shinyeht add keywords:(future-low) to 1285687.
WARNING - 2014-07-28 19:25:29,821 - shinyeht add keywords:(future-low) to 1284089.
WARNING - 2014-07-28 19:25:45,243 - Python Server is Initiated
WARNING - 2014-07-28 19:26:00,279 - Python Server is Initiated
WARNING - 2014-07-28 19:27:05,665 - Python Server is Initiated
WARNING - 2014-07-28 19:27:16,208 - shinyeht logout successfully.
WARNING - 2014-07-28 19:27:27,643 - shinyeht login into the bugzilla successfully.
WARNING - 2014-07-28 19:27:31,766 - shinyeht queries for assigned_to:shinyeht	 fix_by_product:	 fix_by_version:	 product:.
WARNING - 2014-07-28 19:27:42,286 - shinyeht add keywords:(future-low) to 1285687.
WARNING - 2014-07-28 19:27:43,078 - shinyeht add keywords:(future-low) to 1284089.
WARNING - 2014-07-28 19:28:02,120 - Python Server is Initiated
WARNING - 2014-07-28 19:28:10,260 - shinyeht queries for assigned_to:shinyeht	 fix_by_product:	 fix_by_version:	 product:.
WARNING - 2014-07-28 19:29:00,035 - Python Server is Terminated
WARNING - 2014-07-28 19:29:00,035 - Python Server is Terminated
WARNING - 2014-07-28 19:29:03,448 - Python Server is Initiated
WARNING - 2014-07-28 19:29:05,512 - Python Server is Initiated
WARNING - 2014-07-28 19:29:25,705 - Python Server is Initiated
WARNING - 2014-07-28 19:29:31,958 - shinyeht login into the bugzilla successfully.
WARNING - 2014-07-28 19:29:35,690 - shinyeht queries for assigned_to:shinyeht	 fix_by_product:	 fix_by_version:	 product:.
WARNING - 2014-07-28 19:29:45,807 - shinyeht add keywords:(future-low) to 1285687.
WARNING - 2014-07-28 19:30:05,057 - Python Server is Initiated
WARNING - 2014-07-28 19:30:21,384 - Python Server is Initiated
WARNING - 2014-07-28 19:30:22,647 - shinyeht logout successfully.
WARNING - 2014-07-28 19:30:28,908 - shinyeht login into the bugzilla successfully.
WARNING - 2014-07-28 19:30:35,260 - shinyeht queries for assigned_to:shinyeht	 fix_by_product:	 fix_by_version:	 product:.
WARNING - 2014-07-28 19:30:49,930 - shinyeht add keywords:(future-low) to 1285687.
WARNING - 2014-07-28 19:31:34,908 - Python Server is Initiated
WARNING - 2014-07-28 19:31:38,145 - shinyeht logout successfully.
WARNING - 2014-07-28 19:31:49,519 - shinyeht login into the bugzilla successfully.
WARNING - 2014-07-28 19:31:53,914 - shinyeht queries for assigned_to:shinyeht	 fix_by_product:	 fix_by_version:	 product:.
WARNING - 2014-07-28 19:32:13,013 - shinyeht add keywords:(future-low) to 1285687.
WARNING - 2014-07-28 19:32:42,046 - shinyeht queries for assigned_to:shinyeht	 fix_by_product:	 fix_by_version:	 product:.
WARNING - 2014-07-28 19:33:05,154 - Python Server is Initiated
WARNING - 2014-07-28 19:33:30,304 - shinyeht login into the bugzilla successfully.
WARNING - 2014-07-28 19:33:34,400 - shinyeht queries for assigned_to:shinyeht	 fix_by_product:	 fix_by_version:	 product:.
WARNING - 2014-07-28 19:33:47,644 - shinyeht add keywords:(future-low) to 1284089.
WARNING - 2014-07-28 19:34:01,460 - shinyeht queries for assigned_to:shinyeht	 fix_by_product:	 fix_by_version:	 product:.
WARNING - 2014-07-28 19:34:14,957 - shinyeht remove keywords:(future-low) to 1285687.
WARNING - 2014-07-28 19:34:16,169 - shinyeht remove keywords:(future-low) to 1284089.
WARNING - 2014-07-28 19:34:28,611 - shinyeht queries for assigned_to:shinyeht	 fix_by_product:	 fix_by_version:	 product:.
WARNING - 2014-07-28 19:35:09,505 - shinyeht queries for assigned_to:shinyeht	 fix_by_product:	 fix_by_version:	 product:.
WARNING - 2014-07-28 19:36:14,548 - shinyeht remove keywords:(cosmetic) to 1285687.
WARNING - 2014-07-28 19:36:17,715 - shinyeht remove keywords:(cosmetic) to 1284089.
WARNING - 2014-07-28 19:36:28,801 - shinyeht queries for assigned_to:shinyeht	 fix_by_product:	 fix_by_version:	 product:.
WARNING - 2014-07-28 19:53:20,978 - Python Server is Terminated
WARNING - 2014-07-28 19:53:20,987 - Python Server is Terminated
WARNING - 2014-07-28 19:55:48,002 - Python Server is Initiated
WARNING - 2014-07-28 19:55:50,033 - Python Server is Initiated
WARNING - 2014-07-28 19:57:36,889 - Python Server is Terminated
WARNING - 2014-07-28 19:57:36,889 - Python Server is Terminated
WARNING - 2014-07-29 10:06:27,864 - Python Server is Initiated
WARNING - 2014-07-29 10:06:29,538 - Python Server is Initiated
WARNING - 2014-07-29 10:06:40,420 - shinyeht login into the bugzilla successfully.
WARNING - 2014-07-29 10:06:50,081 - shinyeht queries for assigned_to:shinyeht	 fix_by_product:	 fix_by_version:	 product:.
WARNING - 2014-07-29 10:17:17,309 - Python Server is Initiated
WARNING - 2014-07-29 10:18:13,887 - Python Server is Initiated
WARNING - 2014-07-29 10:18:19,975 - Python Server is Initiated
WARNING - 2014-07-29 10:18:44,322 - Python Server is Initiated
WARNING - 2014-07-29 10:22:14,106 - shinyeht queries for assigned_to:shinyeht	 fix_by_product:	 fix_by_version:	 product:.
WARNING - 2014-07-29 10:24:47,370 - Python Server is Initiated
WARNING - 2014-07-29 10:25:28,736 - Python Server is Initiated
WARNING - 2014-07-29 10:25:52,822 - Python Server is Initiated
WARNING - 2014-07-29 10:26:33,497 - shinyeht queries for assigned_to:shinyeht	 fix_by_product:	 fix_by_version:	 product:.
WARNING - 2014-07-29 10:27:34,195 - shinyeht queries for assigned_to:shinyeht	 fix_by_product:	 fix_by_version:	 product:.
WARNING - 2014-07-29 10:28:23,884 - shinyeht queries for assigned_to:shinyeht	 fix_by_product:	 fix_by_version:	 product:.
WARNING - 2014-07-29 10:33:35,394 - shinyeht queries for assigned_to:shinyeht	 fix_by_product:	 fix_by_version:	 product:.
WARNING - 2014-07-29 10:33:35,416 - Bugzilla Database Reconnect
WARNING - 2014-07-29 10:33:51,370 - shinyeht queries for assigned_to:letian	 fix_by_product:	 fix_by_version:	 product:.
WARNING - 2014-07-29 10:36:23,892 - shinyeht queries for assigned_to:letian	 fix_by_product:	 fix_by_version:	 product:.
WARNING - 2014-07-29 10:37:18,390 - shinyeht queries for assigned_to:letian	 fix_by_product:	 fix_by_version:	 product:.
WARNING - 2014-07-29 10:39:44,811 - shinyeht queries for assigned_to:letian	 fix_by_product:	 fix_by_version:	 product:.
WARNING - 2014-07-29 10:41:40,620 - shinyeht queries for assigned_to:letian	 fix_by_product:	 fix_by_version:	 product:.
WARNING - 2014-07-29 10:42:18,385 - shinyeht queries for assigned_to:letian	 fix_by_product:	 fix_by_version:	 product:.
WARNING - 2014-07-29 10:43:23,044 - shinyeht queries for assigned_to:letian	 fix_by_product:	 fix_by_version:	 product:.
WARNING - 2014-07-29 10:43:54,559 - shinyeht queries for assigned_to:letian	 fix_by_product:	 fix_by_version:	 product:.
WARNING - 2014-07-29 10:47:58,899 - shinyeht queries for assigned_to:shinyeht	 fix_by_product:	 fix_by_version:	 product:.
WARNING - 2014-07-29 10:50:09,956 - shinyeht queries for assigned_to:shinyeht	 fix_by_product:	 fix_by_version:	 product:.
WARNING - 2014-07-29 10:51:29,803 - shinyeht queries for assigned_to:shinyeht	 fix_by_product:	 fix_by_version:	 product:.
WARNING - 2014-07-29 10:52:03,255 - shinyeht queries for assigned_to:shinyeht	 fix_by_product:	 fix_by_version:	 product:.
WARNING - 2014-07-29 11:00:05,313 - shinyeht queries for assigned_to:shinyeht	 fix_by_product:	 fix_by_version:	 product:.
WARNING - 2014-07-29 11:00:05,320 - Bugzilla Database Reconnect
WARNING - 2014-07-29 11:01:02,701 - shinyeht queries for assigned_to:shinyeht	 fix_by_product:	 fix_by_version:	 product:.
WARNING - 2014-07-29 11:06:03,536 - shinyeht queries for assigned_to:shinyeht	 fix_by_product:	 fix_by_version:	 product:.
WARNING - 2014-07-29 11:06:03,547 - Bugzilla Database Reconnect
WARNING - 2014-07-29 11:06:16,298 - shinyeht queries for assigned_to:shinyeht	 fix_by_product:	 fix_by_version:	 product:.
WARNING - 2014-07-29 11:06:41,015 - shinyeht queries for assigned_to:shinyeht	 fix_by_product:	 fix_by_version:	 product:.
WARNING - 2014-07-29 11:07:37,488 - shinyeht queries for assigned_to:shinyeht	 fix_by_product:	 fix_by_version:	 product:.
WARNING - 2014-07-29 11:08:15,206 - shinyeht queries for assigned_to:shinyeht	 fix_by_product:	 fix_by_version:	 product:.
WARNING - 2014-07-29 11:08:46,234 - shinyeht queries for assigned_to:shinyeht	 fix_by_product:	 fix_by_version:	 product:.
WARNING - 2014-07-29 11:09:20,324 - shinyeht queries for assigned_to:shinyeht	 fix_by_product:	 fix_by_version:	 product:.
WARNING - 2014-07-29 11:09:55,607 - shinyeht queries for assigned_to:shinyeht	 fix_by_product:	 fix_by_version:	 product:.
WARNING - 2014-07-29 11:10:36,563 - shinyeht queries for assigned_to:letian	 fix_by_product:	 fix_by_version:	 product:.
WARNING - 2014-07-29 11:19:42,111 - shinyeht queries for assigned_to:letian	 fix_by_product:	 fix_by_version:	 product:.
WARNING - 2014-07-29 11:19:42,127 - Bugzilla Database Reconnect
WARNING - 2014-07-29 11:30:53,251 - shinyeht queries for assigned_to:shinyeht	 fix_by_product:	 fix_by_version:	 product:.
WARNING - 2014-07-29 11:30:53,264 - Bugzilla Database Reconnect
WARNING - 2014-07-29 11:32:06,529 - shinyeht queries for assigned_to:shinyeht	 fix_by_product:	 fix_by_version:	 product:.
WARNING - 2014-07-29 11:33:00,005 - shinyeht queries for assigned_to:shinyeht	 fix_by_product:	 fix_by_version:	 product:.
WARNING - 2014-07-29 11:36:01,532 - shinyeht queries for assigned_to:shinyeht	 fix_by_product:	 fix_by_version:	 product:.
WARNING - 2014-07-29 11:44:32,447 - shinyeht queries for assigned_to:shinyeht	 fix_by_product:	 fix_by_version:	 product:.
WARNING - 2014-07-29 11:44:32,471 - Bugzilla Database Reconnect
WARNING - 2014-07-29 11:45:18,731 - shinyeht queries for assigned_to:shinyeht	 fix_by_product:	 fix_by_version:	 product:.
WARNING - 2014-07-29 11:45:34,008 - shinyeht queries for assigned_to:letian	 fix_by_product:	 fix_by_version:	 product:.
WARNING - 2014-07-29 11:46:25,402 - shinyeht queries for assigned_to:shinyeht	 fix_by_product:	 fix_by_version:	 product:.
WARNING - 2014-07-29 11:49:28,156 - shinyeht queries for assigned_to:letia	 fix_by_product:	 fix_by_version:	 product:.
WARNING - 2014-07-29 11:49:28,183 - shinyeht queries are not approved since the profile name is unfindable.
WARNING - 2014-07-29 11:49:31,685 - shinyeht queries for assigned_to:letian	 fix_by_product:	 fix_by_version:	 product:.
WARNING - 2014-07-29 11:49:45,876 - shinyeht queries for assigned_to:shinyeht	 fix_by_product:	 fix_by_version:	 product:.
WARNING - 2014-07-29 11:54:55,880 - shinyeht queries for assigned_to:shinyeht	 fix_by_product:	 fix_by_version:	 product:.
WARNING - 2014-07-29 11:54:55,903 - Bugzilla Database Reconnect
WARNING - 2014-07-29 11:56:00,162 - shinyeht queries for assigned_to:letian	 fix_by_product:	 fix_by_version:	 product:.
WARNING - 2014-07-29 12:52:24,089 - shinyeht queries for assigned_to:shinyeht	 fix_by_product:	 fix_by_version:	 product:.
WARNING - 2014-07-29 12:52:24,104 - Bugzilla Database Reconnect
WARNING - 2014-07-29 12:54:08,127 - shinyeht queries for assigned_to:letian	 fix_by_product:	 fix_by_version:	 product:.
WARNING - 2014-07-29 12:55:53,736 - shinyeht queries for assigned_to:letian	 fix_by_product:	 fix_by_version:	 product:.
WARNING - 2014-07-29 12:57:10,794 - shinyeht queries for assigned_to:shinyeht	 fix_by_product:	 fix_by_version:	 product:.
WARNING - 2014-07-29 12:57:25,169 - shinyeht queries for assigned_to:letian	 fix_by_product:	 fix_by_version:	 product:.
WARNING - 2014-07-29 12:58:12,929 - Python Server is Initiated
WARNING - 2014-07-29 12:58:32,859 - shinyeht queries for assigned_to:shinyeht	 fix_by_product:	 fix_by_version:	 product:.
WARNING - 2014-07-29 12:58:56,062 - shinyeht queries for assigned_to:letian	 fix_by_product:	 fix_by_version:	 product:.
WARNING - 2014-07-29 13:00:17,616 - shinyeht queries for assigned_to:letian	 fix_by_product:	 fix_by_version:	 product:.
WARNING - 2014-07-29 13:01:27,610 - shinyeht queries for assigned_to:letian	 fix_by_product:	 fix_by_version:	 product:.
WARNING - 2014-07-29 13:01:53,658 - shinyeht queries for assigned_to:hillzhao	 fix_by_product:	 fix_by_version:	 product:.
WARNING - 2014-07-29 13:02:11,053 - shinyeht queries for assigned_to:shinyeht	 fix_by_product:	 fix_by_version:	 product:.
WARNING - 2014-07-29 13:02:28,595 - shinyeht queries for assigned_to:letian	 fix_by_product:	 fix_by_version:	 product:.
WARNING - 2014-07-29 13:03:04,215 - shinyeht queries for assigned_to:letian	 fix_by_product:WS	 fix_by_version:	 product:.
WARNING - 2014-07-29 13:03:27,684 - shinyeht logout successfully.
WARNING - 2014-07-29 13:03:37,476 - metrictool-group login into the bugzilla successfully.
WARNING - 2014-07-29 13:03:41,843 - metrictool-group queries for assigned_to:shinyeht	 fix_by_product:	 fix_by_version:	 product:.
WARNING - 2014-07-29 13:11:06,377 - metrictool-group queries for assigned_to:shinyeht	 fix_by_product:	 fix_by_version:	 product:.
WARNING - 2014-07-29 13:11:06,398 - Bugzilla Database Reconnect
WARNING - 2014-07-29 13:11:27,090 - metrictool-group queries for assigned_to:letian	 fix_by_product:	 fix_by_version:	 product:.
WARNING - 2014-07-29 13:13:19,282 - metrictool-group queries for assigned_to:shinyeht	 fix_by_product:	 fix_by_version:	 product:.
WARNING - 2014-07-29 13:15:09,805 - metrictool-group queries for assigned_to:letian	 fix_by_product:	 fix_by_version:	 product:.
WARNING - 2014-07-29 13:16:40,545 - metrictool-group queries for assigned_to:shinyeht	 fix_by_product:	 fix_by_version:	 product:.
WARNING - 2014-07-29 13:18:17,810 - metrictool-group queries for assigned_to:shinyeht	 fix_by_product:	 fix_by_version:	 product:.
WARNING - 2014-07-29 13:21:52,597 - metrictool-group queries for assigned_to:shinyeht	 fix_by_product:	 fix_by_version:	 product:.
WARNING - 2014-07-29 13:24:34,333 - metrictool-group queries for assigned_to:shinyeht	 fix_by_product:	 fix_by_version:	 product:.
WARNING - 2014-07-29 13:25:04,412 - metrictool-group queries for assigned_to:shinyeht	 fix_by_product:	 fix_by_version:	 product:.
WARNING - 2014-07-29 13:26:41,877 - metrictool-group queries for assigned_to:shinyeht	 fix_by_product:	 fix_by_version:	 product:.
WARNING - 2014-07-29 13:30:20,214 - metrictool-group queries for assigned_to:shinyeht	 fix_by_product:	 fix_by_version:	 product:.
WARNING - 2014-07-29 13:31:56,175 - metrictool-group queries for assigned_to:shinyeht	 fix_by_product:vSphere	 fix_by_version:	 product:.
WARNING - 2014-07-29 13:32:33,647 - metrictool-group queries for assigned_to:shinyeht	 fix_by_product:	 fix_by_version:	 product:.
WARNING - 2014-07-29 13:36:00,693 - metrictool-group queries for assigned_to:shinyeht	 fix_by_product:	 fix_by_version:	 product:.
WARNING - 2014-07-29 13:36:37,164 - metrictool-group queries for assigned_to:shinyeht	 fix_by_product:	 fix_by_version:	 product:.
WARNING - 2014-07-29 13:36:55,924 - metrictool-group queries for assigned_to:shinyeht	 fix_by_product:	 fix_by_version:	 product:.
WARNING - 2014-07-29 13:38:39,187 - metrictool-group queries for assigned_to:shinyeht	 fix_by_product:	 fix_by_version:	 product:.
WARNING - 2014-07-29 13:40:16,159 - Python Server is Initiated
WARNING - 2014-07-29 13:40:36,848 - Python Server is Initiated
WARNING - 2014-07-29 13:40:43,896 - metrictool-group queries for assigned_to:shinyeht	 fix_by_product:	 fix_by_version:	 product:.
WARNING - 2014-07-29 13:42:56,366 - metrictool-group queries for assigned_to:shinyeht	 fix_by_product:	 fix_by_version:	 product:.
WARNING - 2014-07-29 13:45:50,261 - metrictool-group queries for assigned_to:shinyeht	 fix_by_product:	 fix_by_version:	 product:.
WARNING - 2014-07-29 13:47:17,976 - metrictool-group queries for assigned_to:shinyeht	 fix_by_product:	 fix_by_version:	 product:.
WARNING - 2014-07-29 13:49:16,174 - metrictool-group queries for assigned_to:shinyeht	 fix_by_product:	 fix_by_version:	 product:.
WARNING - 2014-07-29 13:49:53,563 - shinyeht login into the bugzilla successfully.
WARNING - 2014-07-29 13:49:59,668 - shinyeht queries for assigned_to:shinyeht	 fix_by_product:	 fix_by_version:	 product:.
WARNING - 2014-07-29 13:52:05,122 - shinyeht queries for assigned_to:shinyeht	 fix_by_product:	 fix_by_version:	 product:.
WARNING - 2014-07-29 13:53:49,485 - shinyeht queries for assigned_to:shinyeht	 fix_by_product:	 fix_by_version:	 product:.
WARNING - 2014-07-29 13:54:16,820 - shinyeht queries for assigned_to:shinyeht	 fix_by_product:	 fix_by_version:	 product:.
WARNING - 2014-07-29 13:55:22,122 - shinyeht queries for assigned_to:shinyeht	 fix_by_product:	 fix_by_version:	 product:.
WARNING - 2014-07-29 13:56:14,781 - shinyeht queries for assigned_to:shinyeht	 fix_by_product:	 fix_by_version:	 product:.
WARNING - 2014-07-29 13:57:43,327 - shinyeht queries for assigned_to:shinyeht	 fix_by_product:	 fix_by_version:	 product:.
WARNING - 2014-07-29 13:59:05,338 - shinyeht queries for assigned_to:shinyeht	 fix_by_product:	 fix_by_version:	 product:.
WARNING - 2014-07-29 14:00:08,371 - shinyeht queries for assigned_to:shinyeht	 fix_by_product:	 fix_by_version:	 product:.
WARNING - 2014-07-29 14:00:35,476 - shinyeht queries for assigned_to:shinyeht	 fix_by_product:	 fix_by_version:	 product:.
WARNING - 2014-07-29 14:01:23,657 - shinyeht queries for assigned_to:shinyeht	 fix_by_product:	 fix_by_version:	 product:.
WARNING - 2014-07-29 14:03:13,943 - shinyeht queries for assigned_to:shinyeht	 fix_by_product:	 fix_by_version:	 product:.
WARNING - 2014-07-29 14:04:12,932 - shinyeht queries for assigned_to:shinyeht	 fix_by_product:	 fix_by_version:	 product:.
WARNING - 2014-07-29 14:06:54,440 - shinyeht queries for assigned_to:shinyeht	 fix_by_product:	 fix_by_version:	 product:.
WARNING - 2014-07-29 14:08:34,940 - metrictool-group queries for assigned_to:letian	 fix_by_product:	 fix_by_version:	 product:.
WARNING - 2014-07-29 14:12:34,849 - shinyeht queries for assigned_to:shinyeht	 fix_by_product:	 fix_by_version:	 product:.
WARNING - 2014-07-29 14:17:13,828 - shinyeht queries for assigned_to:shinyeht	 fix_by_product:	 fix_by_version:	 product:.
WARNING - 2014-07-29 14:18:15,486 - shinyeht queries for assigned_to:shinyeht	 fix_by_product:	 fix_by_version:	 product:.
WARNING - 2014-07-29 14:18:52,493 - shinyeht queries for assigned_to:shinyeht	 fix_by_product:	 fix_by_version:	 product:.
WARNING - 2014-07-29 14:19:46,986 - shinyeht queries for assigned_to:shinyeht	 fix_by_product:	 fix_by_version:	 product:.
WARNING - 2014-07-29 14:21:06,075 - shinyeht queries for assigned_to:shinyeht	 fix_by_product:	 fix_by_version:	 product:.
WARNING - 2014-07-29 14:22:26,463 - shinyeht queries for assigned_to:shinyeht	 fix_by_product:	 fix_by_version:	 product:.
WARNING - 2014-07-29 14:27:59,451 - shinyeht queries for assigned_to:shinyeht	 fix_by_product:	 fix_by_version:	 product:.
WARNING - 2014-07-29 14:27:59,458 - Bugzilla Database Reconnect
WARNING - 2014-07-29 14:28:19,874 - shinyeht queries for assigned_to:shinyeht	 fix_by_product:	 fix_by_version:	 product:.
WARNING - 2014-07-29 14:28:51,068 - shinyeht queries for assigned_to:shinyeht	 fix_by_product:	 fix_by_version:	 product:.
WARNING - 2014-07-29 14:29:18,533 - shinyeht queries for assigned_to:shinyeht	 fix_by_product:	 fix_by_version:	 product:.
WARNING - 2014-07-29 14:30:23,005 - shinyeht queries for assigned_to:shinyeht	 fix_by_product:	 fix_by_version:	 product:.
WARNING - 2014-07-29 14:34:29,577 - shinyeht queries for assigned_to:shinyeht	 fix_by_product:	 fix_by_version:	 product:.
WARNING - 2014-07-29 14:37:59,380 - Python Server is Terminated
WARNING - 2014-07-29 14:37:59,380 - Python Server is Terminated
WARNING - 2014-07-29 14:38:04,381 - Python Server is Initiated
WARNING - 2014-07-29 14:38:06,084 - Python Server is Initiated
WARNING - 2014-07-29 14:38:09,999 - shinyeht queries for assigned_to:shinyeht	 fix_by_product:	 fix_by_version:	 product:.
WARNING - 2014-07-29 14:39:51,909 - shinyeht queries for assigned_to:shinyeht	 fix_by_product:	 fix_by_version:	 product:.
WARNING - 2014-07-29 14:40:08,718 - shinyeht queries for assigned_to:letian	 fix_by_product:	 fix_by_version:	 product:.
WARNING - 2014-07-29 14:41:54,794 - Python Server is Terminated
WARNING - 2014-07-29 14:41:54,794 - Python Server is Terminated
WARNING - 2014-07-29 14:42:17,901 - Python Server is Initiated
WARNING - 2014-07-29 14:42:19,969 - Python Server is Initiated
WARNING - 2014-07-29 14:42:36,158 - metrictool-group queries for assigned_to:shinyeht	 fix_by_product:	 fix_by_version:	 product:.
WARNING - 2014-07-29 14:46:39,289 - hillzhao login into the bugzilla successfully.
WARNING - 2014-07-29 14:48:32,341 - hillzhao queries for assigned_to:hillzhao	 fix_by_product:vSphere	 fix_by_version:5.5 U3	 product:.
WARNING - 2014-07-29 14:48:32,353 - Bugzilla Database Reconnect
WARNING - 2014-07-29 14:48:44,668 - hillzhao queries for assigned_to:hillzhao	 fix_by_product:vSphere	 fix_by_version:5.1 U3	 product:.
WARNING - 2014-07-29 14:49:20,542 - hillzhao queries for assigned_to:hillzhao	 fix_by_product:vSphere	 fix_by_version:	 product:.
WARNING - 2014-07-29 14:49:44,201 - hillzhao queries for assigned_to:hillzhao	 fix_by_product:vSphere	 fix_by_version:5.1 U3	 product:.
WARNING - 2014-07-29 14:50:00,443 - hillzhao queries for assigned_to:hillzhao	 fix_by_product:vSphere	 fix_by_version:5.5 U3	 product:.
WARNING - 2014-07-29 14:50:08,200 - hillzhao queries for assigned_to:hillzhao	 fix_by_product:vSphere	 fix_by_version:5.1 U3	 product:.
WARNING - 2014-07-29 14:50:50,632 - Python Server is Initiated
WARNING - 2014-07-29 14:51:35,815 - Python Server is Initiated
WARNING - 2014-07-29 14:51:44,547 - Python Server is Initiated
WARNING - 2014-07-29 14:52:17,733 - Python Server is Initiated
WARNING - 2014-07-29 14:52:19,505 - Python Server is Initiated
WARNING - 2014-07-29 14:52:36,611 - metrictool-group queries for assigned_to:hillzhao	 fix_by_product:vSphere	 fix_by_version:5.1 U3	 product:.
WARNING - 2014-07-29 14:52:58,493 - hillzhao queries for assigned_to:hillzhao	 fix_by_product:vSphere	 fix_by_version:5.1 U3	 product:.
WARNING - 2014-07-29 14:53:16,154 - metrictool-group queries for assigned_to:shinyeht	 fix_by_product:	 fix_by_version:	 product:.
WARNING - 2014-07-29 14:53:20,467 - hillzhao queries for assigned_to:hillzhao	 fix_by_product:vSphere	 fix_by_version:5.1 U3	 product:.
WARNING - 2014-07-29 15:23:29,947 - metrictool-group queries for assigned_to:shinyeht	 fix_by_product:	 fix_by_version:	 product:.
WARNING - 2014-07-29 15:23:29,956 - Bugzilla Database Reconnect
WARNING - 2014-07-29 15:24:27,617 - metrictool-group queries for assigned_to:shinyeht	 fix_by_product:	 fix_by_version:	 product:.
WARNING - 2014-07-29 15:26:00,395 - metrictool-group queries for assigned_to:shinyeht	 fix_by_product:	 fix_by_version:	 product:.
WARNING - 2014-07-29 15:27:23,687 - metrictool-group queries for assigned_to:shinyeht	 fix_by_product:	 fix_by_version:	 product:.
WARNING - 2014-07-29 15:28:16,569 - metrictool-group queries for assigned_to:shinyeht	 fix_by_product:	 fix_by_version:	 product:.
WARNING - 2014-07-29 15:28:54,698 - metrictool-group queries for assigned_to:shinyeht	 fix_by_product:	 fix_by_version:	 product:.
WARNING - 2014-07-29 15:43:18,202 - metrictool-group queries for assigned_to:shinyeht	 fix_by_product:	 fix_by_version:	 product:.
WARNING - 2014-07-29 15:43:18,206 - Bugzilla Database Reconnect
WARNING - 2014-07-29 15:44:24,173 - metrictool-group queries for assigned_to:shinyeht	 fix_by_product:	 fix_by_version:	 product:.
WARNING - 2014-07-29 15:50:35,222 - Python Server is Initiated
WARNING - 2014-07-29 15:50:59,539 - Python Server is Initiated
WARNING - 2014-07-29 15:51:10,163 - metrictool-group logout successfully.
WARNING - 2014-07-29 15:51:15,346 - metrictool-group logout successfully.
WARNING - 2014-07-29 15:51:21,409 - shinyeht login into the bugzilla successfully.
WARNING - 2014-07-29 15:51:25,677 - shinyeht queries for assigned_to:shinyeht	 fix_by_product:	 fix_by_version:	 product:.
WARNING - 2014-07-29 15:54:37,510 - shinyeht queries for assigned_to:shinyeht	 fix_by_product:	 fix_by_version:	 product:.
WARNING - 2014-07-29 15:55:05,889 - shinyeht queries for assigned_to:shinyeht	 fix_by_product:	 fix_by_version:	 product:.
WARNING - 2014-07-29 16:00:12,146 - shinyeht queries for assigned_to:shinyeht	 fix_by_product:	 fix_by_version:	 product:.
WARNING - 2014-07-29 16:00:12,155 - Bugzilla Database Reconnect
WARNING - 2014-07-29 16:00:30,427 - shinyeht login into the bugzilla successfully.
WARNING - 2014-07-29 16:00:36,783 - shinyeht queries for assigned_to:shinyeht	 fix_by_product:	 fix_by_version:	 product:.
WARNING - 2014-07-29 16:05:59,517 - Python Server is Initiated
WARNING - 2014-07-29 16:06:33,522 - Python Server is Initiated
WARNING - 2014-07-29 16:06:35,807 - shinyeht logout successfully.
WARNING - 2014-07-29 16:06:45,778 - shinyeht login into the bugzilla successfully.
WARNING - 2014-07-29 16:06:50,275 - shinyeht queries for assigned_to:letian	 fix_by_product:	 fix_by_version:	 product:.
WARNING - 2014-07-29 16:14:48,928 - shinyeht queries for assigned_to:letian	 fix_by_product:	 fix_by_version:	 product:.
WARNING - 2014-07-29 16:14:48,948 - Bugzilla Database Reconnect
WARNING - 2014-07-29 16:15:57,104 - shinyeht queries for assigned_to:letian	 fix_by_product:	 fix_by_version:	 product:.
WARNING - 2014-07-29 16:16:44,875 - shinyeht login into the bugzilla successfully.
WARNING - 2014-07-29 16:16:53,619 - shinyeht queries for assigned_to:letian	 fix_by_product:	 fix_by_version:	 product:.
WARNING - 2014-07-29 16:22:44,068 - shinyeht queries for assigned_to:shinyeht	 fix_by_product:	 fix_by_version:	 product:.
WARNING - 2014-07-29 16:22:44,074 - Bugzilla Database Reconnect
WARNING - 2014-07-29 16:23:19,114 - shinyeht queries for assigned_to:shinyeht	 fix_by_product:	 fix_by_version:	 product:.
WARNING - 2014-07-29 16:23:39,312 - shinyeht login into the bugzilla successfully.
WARNING - 2014-07-29 16:23:50,814 - shinyeht queries for assigned_to:shinyeht	 fix_by_product:	 fix_by_version:	 product:.
WARNING - 2014-07-29 16:24:15,381 - shinyeht queries for assigned_to:shinyeht	 fix_by_product:	 fix_by_version:	 product:.
WARNING - 2014-07-29 16:27:36,465 - shinyeht queries for assigned_to:shinyeht	 fix_by_product:	 fix_by_version:	 product:.
WARNING - 2014-07-29 16:27:59,223 - shinyeht logout successfully.
WARNING - 2014-07-29 16:28:07,411 - shinyeht login into the bugzilla successfully.
WARNING - 2014-07-29 16:28:12,211 - shinyeht queries for assigned_to:shinyeht	 fix_by_product:	 fix_by_version:	 product:.
WARNING - 2014-07-29 16:28:27,509 - shinyeht queries for assigned_to:shinyeht	 fix_by_product:	 fix_by_version:	 product:.
WARNING - 2014-07-29 16:31:22,445 - shinyeht queries for assigned_to:shinyeht	 fix_by_product:	 fix_by_version:	 product:.
WARNING - 2014-07-29 16:32:09,447 - shinyeht logout successfully.
WARNING - 2014-07-29 16:32:15,235 - shinyeht login into the bugzilla successfully.
WARNING - 2014-07-29 16:32:20,387 - shinyeht queries for assigned_to:shinyeht	 fix_by_product:	 fix_by_version:	 product:.
WARNING - 2014-07-29 16:35:05,892 - shinyeht queries for assigned_to:shinyeht	 fix_by_product:	 fix_by_version:	 product:.
WARNING - 2014-07-29 16:36:38,997 - shinyeht queries for assigned_to:shinyeht	 fix_by_product:	 fix_by_version:	 product:.
WARNING - 2014-07-29 16:38:39,080 - shinyeht login into the bugzilla successfully.
WARNING - 2014-07-29 16:38:43,310 - shinyeht queries for assigned_to:shinyeht	 fix_by_product:	 fix_by_version:	 product:.
WARNING - 2014-07-29 16:40:15,516 - shinyeht logout successfully.
WARNING - 2014-07-29 16:40:17,466 - shinyeht logout successfully.
WARNING - 2014-07-29 16:40:24,006 - shinyeht login into the bugzilla successfully.
WARNING - 2014-07-29 16:40:30,994 - shinyeht queries for assigned_to:shinyeht	 fix_by_product:	 fix_by_version:	 product:.
WARNING - 2014-07-29 16:42:45,612 - shinyeht logout successfully.
WARNING - 2014-07-29 16:42:53,001 - shinyeht login into the bugzilla successfully.
WARNING - 2014-07-29 16:42:57,234 - shinyeht queries for assigned_to:shinyeht	 fix_by_product:	 fix_by_version:	 product:.
WARNING - 2014-07-29 16:54:49,088 - shinyeht logout successfully.
WARNING - 2014-07-29 16:54:57,703 - shinyeht login into the bugzilla successfully.
WARNING - 2014-07-29 16:55:07,565 - shinyeht queries for assigned_to:shinyeht	 fix_by_product:	 fix_by_version:	 product:.
WARNING - 2014-07-29 16:55:07,574 - Bugzilla Database Reconnect
WARNING - 2014-07-29 16:57:31,702 - shinyeht logout successfully.
WARNING - 2014-07-29 16:57:41,276 - shinyeht login into the bugzilla successfully.
WARNING - 2014-07-29 16:57:48,775 - shinyeht queries for assigned_to:shinyeht	 fix_by_product:	 fix_by_version:	 product:.
WARNING - 2014-07-29 17:00:24,075 - shinyeht logout successfully.
WARNING - 2014-07-29 17:00:30,789 - shinyeht login into the bugzilla successfully.
WARNING - 2014-07-29 17:00:35,241 - shinyeht queries for assigned_to:shinyeht	 fix_by_product:	 fix_by_version:	 product:.
WARNING - 2014-07-29 17:03:00,921 - shinyeht queries for assigned_to:shinyeht	 fix_by_product:	 fix_by_version:	 product:.
WARNING - 2014-07-29 17:06:39,440 - shinyeht queries for assigned_to:shinyeht	 fix_by_product:	 fix_by_version:	 product:.
WARNING - 2014-07-29 17:06:54,844 - shinyeht login into the bugzilla successfully.
WARNING - 2014-07-29 17:07:23,567 - shinyeht queries for assigned_to:shinyeht	 fix_by_product:	 fix_by_version:	 product:.
WARNING - 2014-07-29 17:11:42,411 - shinyeht logout successfully.
WARNING - 2014-07-29 17:11:48,989 - shinyeht login into the bugzilla successfully.
WARNING - 2014-07-29 17:11:54,935 - shinyeht queries for assigned_to:shinyeht	 fix_by_product:	 fix_by_version:	 product:.
WARNING - 2014-07-29 17:12:48,421 - shinyeht queries for assigned_to:shinyeht	 fix_by_product:	 fix_by_version:	 product:.
WARNING - 2014-07-29 17:13:54,621 - shinyeht queries for assigned_to:shinyeht	 fix_by_product:	 fix_by_version:	 product:.
WARNING - 2014-07-29 17:14:28,601 - shinyeht queries for assigned_to:shinyeht	 fix_by_product:	 fix_by_version:	 product:.
WARNING - 2014-07-29 17:15:07,287 - shinyeht queries for assigned_to:shinyeht	 fix_by_product:	 fix_by_version:	 product:.
WARNING - 2014-07-29 17:16:19,305 - shinyeht queries for assigned_to:shinyeht	 fix_by_product:	 fix_by_version:	 product:.
WARNING - 2014-07-29 17:20:44,574 - shinyeht queries for assigned_to:shinyeht	 fix_by_product:	 fix_by_version:	 product:.
WARNING - 2014-07-29 17:24:04,783 - shinyeht login into the bugzilla successfully.
WARNING - 2014-07-29 17:24:44,934 - shinyeht queries for assigned_to:shinyeht	 fix_by_product:	 fix_by_version:	 product:.
WARNING - 2014-07-29 17:28:16,896 - shinyeht logout successfully.
WARNING - 2014-07-29 17:28:27,007 - shinyeht login into the bugzilla successfully.
WARNING - 2014-07-29 17:28:30,952 - shinyeht queries for assigned_to:shinyeht	 fix_by_product:	 fix_by_version:	 product:.
WARNING - 2014-07-29 17:28:54,397 - shinyeht queries for assigned_to:shinyeht	 fix_by_product:	 fix_by_version:	 product:.
WARNING - 2014-07-29 17:31:53,288 - shinyeht logout successfully.
WARNING - 2014-07-29 17:34:56,923 - shinyeht logout successfully.
WARNING - 2014-07-29 17:35:04,115 - shinyeht login into the bugzilla successfully.
WARNING - 2014-07-29 17:35:07,738 - shinyeht queries for assigned_to:shinyeht	 fix_by_product:	 fix_by_version:	 product:.
WARNING - 2014-07-29 17:35:07,749 - Bugzilla Database Reconnect
WARNING - 2014-07-29 17:36:16,972 - shinyeht queries for assigned_to:shinyeht	 fix_by_product:	 fix_by_version:	 product:.
WARNING - 2014-07-29 17:36:36,737 - shinyeht queries for assigned_to:shinyeht	 fix_by_product:	 fix_by_version:	 product:.
WARNING - 2014-07-29 17:37:03,269 - shinyeht queries for assigned_to:shinyeht	 fix_by_product:	 fix_by_version:	 product:.
WARNING - 2014-07-29 17:38:26,852 - shinyeht queries for assigned_to:shinyeht	 fix_by_product:	 fix_by_version:	 product:.
WARNING - 2014-07-29 17:55:22,307 - shinyeht logout successfully.
WARNING - 2014-07-29 17:55:28,007 - shinyeht login into the bugzilla successfully.
WARNING - 2014-07-29 17:55:32,941 - shinyeht queries for assigned_to:shinyeht	 fix_by_product:	 fix_by_version:	 product:.
WARNING - 2014-07-29 17:55:32,950 - Bugzilla Database Reconnect
WARNING - 2014-07-29 17:56:22,049 - shinyeht queries for assigned_to:shinyeht	 fix_by_product:	 fix_by_version:	 product:.
WARNING - 2014-07-29 17:57:04,511 - shinyeht queries for assigned_to:shinyeht	 fix_by_product:	 fix_by_version:	 product:.
WARNING - 2014-07-29 17:57:53,121 - shinyeht queries for assigned_to:shinyeht	 fix_by_product:	 fix_by_version:	 product:.
WARNING - 2014-07-29 17:58:39,373 - shinyeht queries for assigned_to:shinyeht	 fix_by_product:	 fix_by_version:	 product:.
WARNING - 2014-07-29 17:58:51,427 - shinyeht queries for assigned_to:shinyeht	 fix_by_product:	 fix_by_version:	 product:.
WARNING - 2014-07-29 17:59:54,514 - shinyeht queries for assigned_to:shinyeht	 fix_by_product:	 fix_by_version:	 product:.
WARNING - 2014-07-29 18:00:23,648 - shinyeht queries for assigned_to:shinyeht	 fix_by_product:	 fix_by_version:	 product:.
WARNING - 2014-07-29 18:02:41,098 - shinyeht queries for assigned_to:shinyeht	 fix_by_product:	 fix_by_version:	 product:.
WARNING - 2014-07-29 18:03:15,821 - shinyeht login into the bugzilla successfully.
WARNING - 2014-07-29 18:03:20,136 - shinyeht queries for assigned_to:shinyeht	 fix_by_product:	 fix_by_version:	 product:.
WARNING - 2014-07-29 18:03:52,924 - shinyeht queries for assigned_to:shinyeht	 fix_by_product:	 fix_by_version:	 product:.
WARNING - 2014-07-29 18:04:40,994 - shinyeht queries for assigned_to:shinyeht	 fix_by_product:	 fix_by_version:	 product:.
WARNING - 2014-07-29 18:06:03,888 - shinyeht queries for assigned_to:shinyeht	 fix_by_product:	 fix_by_version:	 product:.
WARNING - 2014-07-29 18:07:28,004 - shinyeht queries for assigned_to:letian	 fix_by_product:	 fix_by_version:	 product:.
WARNING - 2014-07-29 18:10:39,517 - shinyeht queries for assigned_to:shinyeht	 fix_by_product:	 fix_by_version:	 product:.
WARNING - 2014-07-29 18:10:48,734 - shinyeht queries for assigned_to:letian	 fix_by_product:	 fix_by_version:	 product:.
WARNING - 2014-07-29 18:11:49,626 - shinyeht queries for assigned_to:letian	 fix_by_product:	 fix_by_version:	 product:.
WARNING - 2014-07-29 18:12:14,686 - shinyeht login into the bugzilla successfully.
WARNING - 2014-07-29 18:12:18,199 - shinyeht queries for assigned_to:letian	 fix_by_product:	 fix_by_version:	 product:.
WARNING - 2014-07-29 18:13:10,796 - shinyeht queries for assigned_to:letian	 fix_by_product:	 fix_by_version:	 product:.
WARNING - 2014-07-29 18:14:39,143 - shinyeht queries for assigned_to:letian	 fix_by_product:	 fix_by_version:	 product:.
WARNING - 2014-07-29 18:15:25,910 - shinyeht queries for assigned_to:letian	 fix_by_product:	 fix_by_version:	 product:.
WARNING - 2014-07-29 18:16:37,262 - shinyeht queries for assigned_to:letian	 fix_by_product:	 fix_by_version:	 product:.
WARNING - 2014-07-29 18:19:37,408 - shinyeht queries for assigned_to:shinyeht	 fix_by_product:	 fix_by_version:	 product:.
WARNING - 2014-07-29 18:20:25,607 - shinyeht login into the bugzilla successfully.
WARNING - 2014-07-29 18:20:29,907 - shinyeht queries for assigned_to:shinyeht	 fix_by_product:	 fix_by_version:	 product:.
WARNING - 2014-07-29 18:26:10,903 - shinyeht queries for assigned_to:letian	 fix_by_product:	 fix_by_version:	 product:.
WARNING - 2014-07-29 18:26:10,939 - Bugzilla Database Reconnect
WARNING - 2014-07-29 18:26:27,514 - shinyeht queries for assigned_to:shinyeht	 fix_by_product:	 fix_by_version:	 product:.
WARNING - 2014-07-29 18:26:40,616 - shinyeht login into the bugzilla successfully.
WARNING - 2014-07-29 18:26:45,862 - shinyeht queries for assigned_to:shinyeht	 fix_by_product:	 fix_by_version:	 product:.
WARNING - 2014-07-29 18:27:36,088 - shinyeht queries for assigned_to:shinyeht	 fix_by_product:	 fix_by_version:	 product:.
WARNING - 2014-07-29 18:27:58,704 - shinyeht queries for assigned_to:shinyeht	 fix_by_product:	 fix_by_version:	 product:.
WARNING - 2014-07-29 18:29:01,548 - shinyeht queries for assigned_to:shinyehtt	 fix_by_product:	 fix_by_version:	 product:.
WARNING - 2014-07-29 18:29:01,618 - shinyeht queries are not approved since the profile name is unfindable.
WARNING - 2014-07-29 18:29:05,389 - shinyeht queries for assigned_to:shinyeht	 fix_by_product:	 fix_by_version:	 product:.
WARNING - 2014-07-29 18:29:19,617 - shinyeht queries for assigned_to:letian	 fix_by_product:	 fix_by_version:	 product:.
WARNING - 2014-07-29 18:31:16,634 - shinyeht queries for assigned_to:letian	 fix_by_product:	 fix_by_version:	 product:.
WARNING - 2014-07-29 18:32:15,547 - shinyeht queries for assigned_to:shinyeht	 fix_by_product:	 fix_by_version:	 product:.
WARNING - 2014-07-29 18:32:26,919 - shinyeht login into the bugzilla successfully.
WARNING - 2014-07-29 18:32:29,997 - shinyeht queries for assigned_to:	 fix_by_product:	 fix_by_version:	 product:.
WARNING - 2014-07-29 18:32:30,025 - shinyeht queries are not approved since the profile name is unfindable.
WARNING - 2014-07-29 18:32:34,055 - shinyeht queries for assigned_to:shinyeht	 fix_by_product:	 fix_by_version:	 product:.
WARNING - 2014-07-29 18:33:03,235 - shinyeht queries for assigned_to:shinyeht	 fix_by_product:	 fix_by_version:	 product:.
WARNING - 2014-07-29 18:37:55,236 - shinyeht login into the bugzilla successfully.
WARNING - 2014-07-29 18:37:59,365 - shinyeht queries for assigned_to:shinyeht	 fix_by_product:	 fix_by_version:	 product:.
WARNING - 2014-07-29 18:42:43,199 - shinyeht queries for assigned_to:shinyeht	 fix_by_product:	 fix_by_version:	 product:.
WARNING - 2014-07-29 18:43:02,154 - shinyeht queries for assigned_to:shinyeht	 fix_by_product:	 fix_by_version:	 product:.
WARNING - 2014-07-29 18:43:27,415 - shinyeht login into the bugzilla successfully.
WARNING - 2014-07-29 18:43:31,000 - shinyeht queries for assigned_to:shinyeht	 fix_by_product:	 fix_by_version:	 product:.
WARNING - 2014-07-29 18:44:50,890 - shinyeht queries for assigned_to:letian	 fix_by_product:	 fix_by_version:	 product:.
WARNING - 2014-07-29 18:49:26,703 - shinyeht queries for assigned_to:shinyeht	 fix_by_product:	 fix_by_version:	 product:.
WARNING - 2014-07-29 18:50:08,880 - shinyeht logout successfully.
WARNING - 2014-07-29 18:50:16,798 - shinyeht login into the bugzilla successfully.
WARNING - 2014-07-29 18:50:21,328 - shinyeht queries for assigned_to:shinyeht	 fix_by_product:	 fix_by_version:	 product:.
WARNING - 2014-07-29 18:53:06,353 - shinyeht queries for assigned_to:shinyeht	 fix_by_product:	 fix_by_version:	 product:.
WARNING - 2014-07-29 18:54:22,836 - shinyeht queries for assigned_to:shinyeht	 fix_by_product:	 fix_by_version:	 product:.
WARNING - 2014-07-29 18:55:13,333 - shinyeht logout successfully.
WARNING - 2014-07-29 18:55:18,921 - shinyeht login into the bugzilla successfully.
WARNING - 2014-07-29 18:55:22,911 - shinyeht queries for assigned_to:shinyeht	 fix_by_product:	 fix_by_version:	 product:.
WARNING - 2014-07-29 18:56:10,958 - shinyeht queries for assigned_to:shinyeht	 fix_by_product:	 fix_by_version:	 product:.
WARNING - 2014-07-29 18:57:15,590 - shinyeht queries for assigned_to:shinyeht	 fix_by_product:	 fix_by_version:	 product:.
WARNING - 2014-07-29 18:58:27,979 - shinyeht queries for assigned_to:shinyeht	 fix_by_product:	 fix_by_version:	 product:.
WARNING - 2014-07-29 19:00:07,087 - shinyeht queries for assigned_to:shinyeht	 fix_by_product:	 fix_by_version:	 product:.
WARNING - 2014-07-29 19:03:13,027 - shinyeht login into the bugzilla successfully.
WARNING - 2014-07-29 19:03:17,904 - shinyeht queries for assigned_to:shinyeht	 fix_by_product:	 fix_by_version:	 product:.
WARNING - 2014-07-29 19:05:13,504 - shinyeht logout successfully.
WARNING - 2014-07-29 19:05:33,948 - shinyeht login into the bugzilla successfully.
WARNING - 2014-07-29 19:05:37,958 - shinyeht queries for assigned_to:shinyeht	 fix_by_product:	 fix_by_version:	 product:.
WARNING - 2014-07-29 19:11:04,404 - shinyeht queries for assigned_to:shinyeht	 fix_by_product:	 fix_by_version:	 product:.
WARNING - 2014-07-29 19:11:04,415 - Bugzilla Database Reconnect
WARNING - 2014-07-29 19:15:49,121 - shinyeht queries for assigned_to:shinyeht	 fix_by_product:	 fix_by_version:	 product:.
WARNING - 2014-07-29 19:16:03,971 - shinyeht login into the bugzilla successfully.
WARNING - 2014-07-29 19:16:09,164 - shinyeht queries for assigned_to:shinyeht	 fix_by_product:	 fix_by_version:	 product:.
WARNING - 2014-07-29 19:17:36,911 - shinyeht queries for assigned_to:shinyeht	 fix_by_product:	 fix_by_version:	 product:.
WARNING - 2014-07-29 19:18:19,050 - shinyeht queries for assigned_to:shinyeht	 fix_by_product:	 fix_by_version:	 product:.
WARNING - 2014-07-29 19:21:12,079 - shinyeht queries for assigned_to:shinyeht	 fix_by_product:	 fix_by_version:	 product:.
WARNING - 2014-07-29 19:21:35,617 - shinyeht queries for assigned_to:shinyeht	 fix_by_product:	 fix_by_version:	 product:.
WARNING - 2014-07-29 19:22:07,039 - shinyeht queries for assigned_to:shinyeht	 fix_by_product:	 fix_by_version:	 product:.
WARNING - 2014-07-29 19:22:34,974 - shinyeht login into the bugzilla successfully.
WARNING - 2014-07-29 19:22:39,453 - shinyeht queries for assigned_to:shinyeht	 fix_by_product:	 fix_by_version:	 product:.
WARNING - 2014-07-29 19:23:01,666 - shinyeht queries for assigned_to:shinyeht	 fix_by_product:	 fix_by_version:	 product:.
WARNING - 2014-07-29 19:23:40,173 - shinyeht queries for assigned_to:shinyeht	 fix_by_product:	 fix_by_version:	 product:.
WARNING - 2014-07-29 19:24:32,265 - shinyeht queries for assigned_to:shinyeht	 fix_by_product:	 fix_by_version:	 product:.
WARNING - 2014-07-29 19:25:35,544 - shinyeht queries for assigned_to:shinyeht	 fix_by_product:	 fix_by_version:	 product:.
WARNING - 2014-07-29 19:31:15,071 - shinyeht queries for assigned_to:shinyeht	 fix_by_product:	 fix_by_version:	 product:.
WARNING - 2014-07-29 19:31:15,089 - Bugzilla Database Reconnect
WARNING - 2014-07-29 19:31:38,311 - shinyeht login into the bugzilla successfully.
WARNING - 2014-07-29 19:31:42,196 - shinyeht queries for assigned_to:shinyeht	 fix_by_product:	 fix_by_version:	 product:.
WARNING - 2014-07-29 19:44:03,671 - shinyeht login into the bugzilla successfully.
WARNING - 2014-07-29 19:44:10,538 - shinyeht queries for assigned_to:shinyeht	 fix_by_product:	 fix_by_version:	 product:.
WARNING - 2014-07-29 19:44:10,550 - Bugzilla Database Reconnect
WARNING - 2014-07-29 19:49:04,216 - shinyeht queries for assigned_to:shinyeht	 fix_by_product:	 fix_by_version:	 product:.
WARNING - 2014-07-29 19:49:19,100 - shinyeht login into the bugzilla successfully.
WARNING - 2014-07-29 19:49:23,420 - shinyeht queries for assigned_to:shinyeht	 fix_by_product:	 fix_by_version:	 product:.
WARNING - 2014-07-29 19:50:49,614 - shinyeht queries for assigned_to:shinyeht	 fix_by_product:	 fix_by_version:	 product:.
WARNING - 2014-07-29 19:52:44,336 - shinyeht queries for assigned_to:shinyeht	 fix_by_product:	 fix_by_version:	 product:.
WARNING - 2014-07-29 19:53:45,773 - shinyeht queries for assigned_to:shinyeht	 fix_by_product:	 fix_by_version:	 product:.
WARNING - 2014-07-29 19:56:09,832 - shinyeht queries for assigned_to:shinyeht	 fix_by_product:	 fix_by_version:	 product:.
WARNING - 2014-07-29 19:57:12,724 - shinyeht queries for assigned_to:shinyeht	 fix_by_product:	 fix_by_version:	 product:.
WARNING - 2014-07-29 19:57:35,527 - shinyeht login into the bugzilla successfully.
WARNING - 2014-07-29 19:57:40,034 - shinyeht queries for assigned_to:shinyeht	 fix_by_product:	 fix_by_version:	 product:.
WARNING - 2014-07-29 23:01:54,120 - hillzhao queries for assigned_to:hillzhao	 fix_by_product:vSphere	 fix_by_version:5.1 U3	 product:.
WARNING - 2014-07-29 23:01:54,143 - Bugzilla Database Reconnect
WARNING - 2014-07-29 23:02:09,586 - hillzhao queries for assigned_to:hillzhao	 fix_by_product:	 fix_by_version:	 product:.
WARNING - 2014-07-30 09:58:54,347 - shinyeht login into the bugzilla successfully.
WARNING - 2014-07-30 09:59:06,240 - shinyeht queries for assigned_to:shinyeht	 fix_by_product:	 fix_by_version:	 product:.
WARNING - 2014-07-30 09:59:06,251 - Bugzilla Database Reconnect
WARNING - 2014-07-30 09:59:26,168 - shinyeht queries for assigned_to:letian	 fix_by_product:	 fix_by_version:	 product:.
WARNING - 2014-07-30 10:01:47,028 - shinyeht queries for assigned_to:shinyeht	 fix_by_product:	 fix_by_version:	 product:.
WARNING - 2014-07-30 10:03:47,259 - shinyeht queries for assigned_to:shinyeht	 fix_by_product:	 fix_by_version:	 product:.
WARNING - 2014-07-30 10:04:24,712 - shinyeht queries for assigned_to:shinyeht	 fix_by_product:	 fix_by_version:	 product:.
WARNING - 2014-07-30 10:05:16,255 - shinyeht queries for assigned_to:shinyeht	 fix_by_product:	 fix_by_version:	 product:.
WARNING - 2014-07-30 10:08:38,897 - Python Server is Initiated
WARNING - 2014-07-30 10:08:51,163 - Python Server is Initiated
WARNING - 2014-07-30 10:09:06,142 - shinyeht login into the bugzilla successfully.
WARNING - 2014-07-30 10:09:10,340 - shinyeht queries for assigned_to:shinyeht	 fix_by_product:	 fix_by_version:	 product:.
WARNING - 2014-07-30 10:09:29,495 - Python Server is Initiated
WARNING - 2014-07-30 10:09:55,683 - Python Server is Initiated
WARNING - 2014-07-30 10:10:52,164 - Python Server is Initiated
WARNING - 2014-07-30 10:13:00,861 - Python Server is Initiated
WARNING - 2014-07-30 10:13:02,769 - Python Server is Initiated
WARNING - 2014-07-30 10:13:05,662 - shinyeht logout successfully.
WARNING - 2014-07-30 10:13:12,209 - shinyeht login into the bugzilla successfully.
WARNING - 2014-07-30 10:13:16,284 - shinyeht queries for assigned_to:shinyeht	 fix_by_product:	 fix_by_version:	 product:.
WARNING - 2014-07-30 10:13:33,182 - Python Server is Initiated
WARNING - 2014-07-30 10:13:42,209 - Python Server is Initiated
WARNING - 2014-07-30 10:13:45,284 - Python Server is Initiated
WARNING - 2014-07-30 10:14:53,548 - Python Server is Initiated
WARNING - 2014-07-30 10:14:55,828 - Python Server is Initiated
WARNING - 2014-07-30 10:14:56,139 - shinyeht logout successfully.
WARNING - 2014-07-30 10:15:02,358 - shinyeht fails to login into the bugzilla.
WARNING - 2014-07-30 10:15:13,692 - shinyeht login into the bugzilla successfully.
WARNING - 2014-07-30 10:15:20,568 - shinyeht queries for assigned_to:shinyeht	 fix_by_product:	 fix_by_version:	 product:.
WARNING - 2014-07-30 10:15:51,703 - Python Server is Initiated
WARNING - 2014-07-30 10:16:08,933 - Python Server is Initiated
WARNING - 2014-07-30 10:17:00,773 - Python Server is Initiated
WARNING - 2014-07-30 10:17:05,688 - Python Server is Initiated
WARNING - 2014-07-30 10:19:03,941 - Python Server is Initiated
WARNING - 2014-07-30 10:19:08,861 - Python Server is Initiated
WARNING - 2014-07-30 10:19:50,711 - Python Server is Initiated
WARNING - 2014-07-30 10:19:52,719 - Python Server is Initiated
WARNING - 2014-07-30 10:19:55,803 - shinyeht logout successfully.
WARNING - 2014-07-30 10:20:03,899 - shinyeht login into the bugzilla successfully.
WARNING - 2014-07-30 10:20:09,857 - shinyeht queries for assigned_to:shinyeht	 fix_by_product:	 fix_by_version:	 product:.
WARNING - 2014-07-30 10:28:02,214 - Python Server is Initiated
WARNING - 2014-07-30 10:28:04,391 - Python Server is Initiated
WARNING - 2014-07-30 10:28:08,628 - shinyeht logout successfully.
WARNING - 2014-07-30 10:28:38,736 - shinyeht login into the bugzilla successfully.
WARNING - 2014-07-30 10:29:04,730 - shinyeht queries for assigned_to:shinyeht	 fix_by_product:	 fix_by_version:	 product:.
WARNING - 2014-07-30 10:32:07,922 - Python Server is Initiated
WARNING - 2014-07-30 10:32:23,136 - Python Server is Initiated
WARNING - 2014-07-30 10:32:26,183 - Python Server is Initiated
WARNING - 2014-07-30 10:32:35,268 - Python Server is Initiated
WARNING - 2014-07-30 10:35:08,644 - Python Server is Initiated
WARNING - 2014-07-30 10:35:23,793 - Python Server is Initiated
WARNING - 2014-07-30 10:35:32,062 - Python Server is Initiated
WARNING - 2014-07-30 10:35:37,054 - shinyeht logout successfully.
WARNING - 2014-07-30 10:35:44,587 - shinyeht login into the bugzilla successfully.
WARNING - 2014-07-30 10:35:48,772 - shinyeht queries for assigned_to:shinyeht	 fix_by_product:	 fix_by_version:	 product:.
WARNING - 2014-07-30 10:36:24,714 - Python Server is Initiated
WARNING - 2014-07-30 10:36:28,115 - Python Server is Initiated
WARNING - 2014-07-30 10:36:46,559 - shinyeht login into the bugzilla successfully.
WARNING - 2014-07-30 10:36:50,358 - shinyeht queries for assigned_to:shinyeht	 fix_by_product:	 fix_by_version:	 product:.
WARNING - 2014-07-30 10:38:11,095 - Python Server is Initiated
WARNING - 2014-07-30 10:38:22,337 - Python Server is Initiated
WARNING - 2014-07-30 10:38:53,879 - Python Server is Initiated
WARNING - 2014-07-30 10:39:03,132 - Python Server is Initiated
WARNING - 2014-07-30 10:39:22,796 - Python Server is Initiated
WARNING - 2014-07-30 10:39:25,007 - shinyeht logout successfully.
WARNING - 2014-07-30 10:39:32,616 - shinyeht login into the bugzilla successfully.
WARNING - 2014-07-30 10:39:36,885 - shinyeht queries for assigned_to:shinyeht	 fix_by_product:	 fix_by_version:	 product:.
WARNING - 2014-07-30 10:40:15,706 - Python Server is Initiated
WARNING - 2014-07-30 10:40:33,484 - shinyeht login into the bugzilla successfully.
WARNING - 2014-07-30 10:40:36,869 - shinyeht queries for assigned_to:shinyeht	 fix_by_product:	 fix_by_version:	 product:.
WARNING - 2014-07-30 10:41:00,122 - Python Server is Initiated
WARNING - 2014-07-30 10:41:05,198 - Python Server is Initiated
WARNING - 2014-07-30 10:41:11,451 - shinyeht logout successfully.
WARNING - 2014-07-30 10:41:18,617 - shinyeht login into the bugzilla successfully.
WARNING - 2014-07-30 10:41:22,691 - shinyeht queries for assigned_to:shinyeht	 fix_by_product:	 fix_by_version:	 product:.
WARNING - 2014-07-30 10:41:59,184 - Python Server is Initiated
WARNING - 2014-07-30 10:42:03,043 - shinyeht logout successfully.
WARNING - 2014-07-30 10:42:09,490 - shinyeht login into the bugzilla successfully.
WARNING - 2014-07-30 10:42:13,128 - shinyeht queries for assigned_to:shinyeht	 fix_by_product:	 fix_by_version:	 product:.
WARNING - 2014-07-30 10:43:06,692 - shinyeht queries for assigned_to:shinyeht	 fix_by_product:	 fix_by_version:	 product:.
WARNING - 2014-07-30 10:48:26,314 - Python Server is Initiated
WARNING - 2014-07-30 10:48:41,675 - Python Server is Initiated
WARNING - 2014-07-30 10:49:05,302 - Python Server is Initiated
WARNING - 2014-07-30 10:49:23,053 - Python Server is Initiated
WARNING - 2014-07-30 10:49:28,380 - Python Server is Initiated
WARNING - 2014-07-30 10:51:02,646 - Python Server is Initiated
WARNING - 2014-07-30 10:51:44,075 - Python Server is Initiated
WARNING - 2014-07-30 10:52:00,944 - Python Server is Initiated
WARNING - 2014-07-30 10:52:34,592 - Python Server is Initiated
WARNING - 2014-07-30 10:52:43,375 - Python Server is Initiated
WARNING - 2014-07-30 11:03:35,718 - Python Server is Initiated
WARNING - 2014-07-30 11:03:37,618 - Python Server is Initiated
WARNING - 2014-07-30 11:03:38,399 - shinyeht logout successfully.
WARNING - 2014-07-30 11:03:48,887 - shinyeht login into the bugzilla successfully.
WARNING - 2014-07-30 11:03:53,776 - shinyeht queries for assigned_to:shinyeht	 fix_by_product:	 fix_by_version:	 product:.
WARNING - 2014-07-30 11:05:22,996 - shinyeht queries for assigned_to:shinyeht	 fix_by_product:	 fix_by_version:	 product:.
WARNING - 2014-07-30 11:06:38,626 - Python Server is Initiated
WARNING - 2014-07-30 11:06:40,613 - Python Server is Initiated
WARNING - 2014-07-30 11:06:42,718 - shinyeht logout successfully.
WARNING - 2014-07-30 11:06:51,520 - shinyeht login into the bugzilla successfully.
WARNING - 2014-07-30 11:06:55,243 - shinyeht queries for assigned_to:shinyeht	 fix_by_product:	 fix_by_version:	 product:.
WARNING - 2014-07-30 11:07:30,248 - Python Server is Initiated
WARNING - 2014-07-30 11:07:35,583 - shinyeht logout successfully.
WARNING - 2014-07-30 11:07:41,840 - shinyeht login into the bugzilla successfully.
WARNING - 2014-07-30 11:07:46,422 - shinyeht queries for assigned_to:shinyeht	 fix_by_product:	 fix_by_version:	 product:.
WARNING - 2014-07-30 11:08:48,361 - Python Server is Initiated
WARNING - 2014-07-30 11:09:15,761 - Python Server is Initiated
WARNING - 2014-07-30 11:09:41,455 - shinyeht login into the bugzilla successfully.
WARNING - 2014-07-30 11:09:45,570 - shinyeht queries for assigned_to:shinyeht	 fix_by_product:	 fix_by_version:	 product:.
WARNING - 2014-07-30 11:11:26,007 - shinyeht queries for assigned_to:shinyeht	 fix_by_product:	 fix_by_version:	 product:.
WARNING - 2014-07-30 11:12:27,962 - shinyeht queries for assigned_to:shinyeht	 fix_by_product:	 fix_by_version:	 product:.
WARNING - 2014-07-30 11:13:27,161 - Python Server is Initiated
WARNING - 2014-07-30 11:13:33,144 - Python Server is Terminated
WARNING - 2014-07-30 11:13:33,146 - Python Server is Terminated
WARNING - 2014-07-30 11:13:36,000 - Python Server is Initiated
WARNING - 2014-07-30 11:13:38,007 - Python Server is Initiated
WARNING - 2014-07-30 11:13:38,322 - shinyeht logout successfully.
WARNING - 2014-07-30 11:13:45,041 - shinyeht login into the bugzilla successfully.
WARNING - 2014-07-30 11:13:49,670 - shinyeht queries for assigned_to:shinyeht	 fix_by_product:	 fix_by_version:	 product:.
WARNING - 2014-07-30 11:17:29,096 - Python Server is Initiated
WARNING - 2014-07-30 11:18:29,132 - Python Server is Initiated
WARNING - 2014-07-30 11:19:08,458 - Python Server is Initiated
WARNING - 2014-07-30 11:19:18,814 - Python Server is Initiated
WARNING - 2014-07-30 11:19:24,928 - shinyeht queries for assigned_to:shinyeht	 fix_by_product:	 fix_by_version:	 product:.
WARNING - 2014-07-30 11:19:38,821 - shinyeht login into the bugzilla successfully.
WARNING - 2014-07-30 11:19:44,910 - shinyeht queries for assigned_to:shinyeht	 fix_by_product:	 fix_by_version:	 product:.
WARNING - 2014-07-30 11:24:01,614 - Python Server is Initiated
WARNING - 2014-07-30 11:24:10,632 - Python Server is Initiated
WARNING - 2014-07-30 11:25:22,274 - Python Server is Initiated
WARNING - 2014-07-30 11:25:29,713 - shinyeht logout successfully.
WARNING - 2014-07-30 11:25:36,459 - shinyeht login into the bugzilla successfully.
WARNING - 2014-07-30 11:25:40,340 - shinyeht queries for assigned_to:shinyeht	 fix_by_product:	 fix_by_version:	 product:.
WARNING - 2014-07-30 11:26:25,095 - Python Server is Initiated
WARNING - 2014-07-30 11:26:59,405 - Python Server is Initiated
WARNING - 2014-07-30 11:29:41,319 - Python Server is Initiated
WARNING - 2014-07-30 11:29:43,405 - Python Server is Initiated
WARNING - 2014-07-30 11:29:44,640 - shinyeht logout successfully.
WARNING - 2014-07-30 11:29:52,446 - shinyeht login into the bugzilla successfully.
WARNING - 2014-07-30 11:29:56,775 - shinyeht queries for assigned_to:shinyeht	 fix_by_product:	 fix_by_version:	 product:.
WARNING - 2014-07-30 11:31:09,886 - Python Server is Initiated
WARNING - 2014-07-30 11:31:13,031 - shinyeht logout successfully.
WARNING - 2014-07-30 11:31:20,180 - shinyeht login into the bugzilla successfully.
WARNING - 2014-07-30 11:31:23,916 - shinyeht queries for assigned_to:shinyeht	 fix_by_product:	 fix_by_version:	 product:.
WARNING - 2014-07-30 11:32:25,618 - Python Server is Initiated
WARNING - 2014-07-30 11:32:40,805 - Python Server is Initiated
WARNING - 2014-07-30 11:32:48,884 - Python Server is Initiated
WARNING - 2014-07-30 11:33:19,204 - Python Server is Initiated
WARNING - 2014-07-30 11:33:31,296 - Python Server is Initiated
WARNING - 2014-07-30 11:33:35,392 - Python Server is Initiated
WARNING - 2014-07-30 11:34:03,785 - Python Server is Initiated
WARNING - 2014-07-30 11:34:12,036 - Python Server is Initiated
WARNING - 2014-07-30 11:35:38,608 - Python Server is Initiated
WARNING - 2014-07-30 11:35:40,742 - Python Server is Initiated
WARNING - 2014-07-30 11:35:44,906 - shinyeht logout successfully.
WARNING - 2014-07-30 11:35:51,844 - shinyeht login into the bugzilla successfully.
WARNING - 2014-07-30 11:35:55,581 - shinyeht queries for assigned_to:shinyeht	 fix_by_product:	 fix_by_version:	 product:.
WARNING - 2014-07-30 11:36:24,165 - Python Server is Initiated
WARNING - 2014-07-30 11:36:37,897 - shinyeht logout successfully.
WARNING - 2014-07-30 11:36:44,005 - shinyeht login into the bugzilla successfully.
WARNING - 2014-07-30 11:36:48,086 - shinyeht queries for assigned_to:shinyeht	 fix_by_product:	 fix_by_version:	 product:.
WARNING - 2014-07-30 11:38:33,449 - Python Server is Initiated
WARNING - 2014-07-30 11:38:37,755 - Python Server is Initiated
WARNING - 2014-07-30 11:38:47,951 - Python Server is Initiated
WARNING - 2014-07-30 11:39:04,090 - Python Server is Initiated
WARNING - 2014-07-30 11:41:06,060 - Python Server is Initiated
WARNING - 2014-07-30 11:41:11,271 - Python Server is Initiated
WARNING - 2014-07-30 12:29:07,130 - Python Server is Initiated
WARNING - 2014-07-30 12:33:09,343 - Python Server is Initiated
WARNING - 2014-07-30 12:33:11,282 - Python Server is Initiated
WARNING - 2014-07-30 12:34:00,279 - shinyeht queries for assigned_to:shinyeht	 fix_by_product:	 fix_by_version:	 product:.
WARNING - 2014-07-30 12:34:11,731 - shinyeht login into the bugzilla successfully.
WARNING - 2014-07-30 12:34:15,639 - shinyeht queries for assigned_to:shinyeht	 fix_by_product:	 fix_by_version:	 product:.
WARNING - 2014-07-30 12:34:51,217 - Python Server is Initiated
WARNING - 2014-07-30 12:35:12,502 - shinyeht logout successfully.
WARNING - 2014-07-30 12:35:18,785 - shinyeht login into the bugzilla successfully.
WARNING - 2014-07-30 12:35:23,018 - shinyeht queries for assigned_to:shinyeht	 fix_by_product:	 fix_by_version:	 product:.
WARNING - 2014-07-30 12:36:08,094 - Python Server is Initiated
WARNING - 2014-07-30 12:36:17,999 - shinyeht logout successfully.
WARNING - 2014-07-30 12:36:25,594 - shinyeht login into the bugzilla successfully.
WARNING - 2014-07-30 12:36:29,606 - shinyeht queries for assigned_to:shinyeht	 fix_by_product:	 fix_by_version:	 product:.
WARNING - 2014-07-30 12:38:07,078 - Python Server is Initiated
WARNING - 2014-07-30 12:38:15,937 - Python Server is Initiated
WARNING - 2014-07-30 12:38:27,021 - Python Server is Initiated
WARNING - 2014-07-30 12:38:32,248 - Python Server is Initiated
WARNING - 2014-07-30 12:38:43,925 - shinyeht logout successfully.
WARNING - 2014-07-30 12:38:52,540 - shinyeht login into the bugzilla successfully.
WARNING - 2014-07-30 12:38:56,525 - shinyeht queries for assigned_to:shinyeht	 fix_by_product:	 fix_by_version:	 product:.
WARNING - 2014-07-30 12:39:20,834 - Python Server is Initiated
WARNING - 2014-07-30 12:39:25,763 - shinyeht logout successfully.
WARNING - 2014-07-30 12:39:32,135 - shinyeht login into the bugzilla successfully.
WARNING - 2014-07-30 12:39:36,149 - shinyeht queries for assigned_to:shinyeht	 fix_by_product:	 fix_by_version:	 product:.
WARNING - 2014-07-30 12:40:08,314 - Python Server is Initiated
WARNING - 2014-07-30 12:40:14,636 - shinyeht logout successfully.
WARNING - 2014-07-30 12:40:20,604 - shinyeht login into the bugzilla successfully.
WARNING - 2014-07-30 12:40:24,307 - shinyeht queries for assigned_to:shinyeht	 fix_by_product:	 fix_by_version:	 product:.
WARNING - 2014-07-30 12:41:55,384 - Python Server is Initiated
WARNING - 2014-07-30 12:50:46,474 - Python Server is Initiated
WARNING - 2014-07-30 13:02:03,422 - Python Server is Initiated
WARNING - 2014-07-30 13:02:05,413 - Python Server is Initiated
WARNING - 2014-07-30 13:02:08,679 - shinyeht logout successfully.
WARNING - 2014-07-30 13:02:17,780 - shinyeht login into the bugzilla successfully.
WARNING - 2014-07-30 13:02:22,931 - shinyeht queries for assigned_to:shinyeht	 fix_by_product:	 fix_by_version:	 product:.
WARNING - 2014-07-30 13:03:02,837 - Python Server is Initiated
WARNING - 2014-07-30 13:03:08,295 - shinyeht logout successfully.
WARNING - 2014-07-30 13:03:16,960 - shinyeht login into the bugzilla successfully.
WARNING - 2014-07-30 13:03:20,682 - shinyeht queries for assigned_to:shinyeht	 fix_by_product:	 fix_by_version:	 product:.
WARNING - 2014-07-30 13:03:59,401 - Python Server is Initiated
WARNING - 2014-07-30 13:04:41,581 - Python Server is Initiated
WARNING - 2014-07-30 13:04:49,526 - Python Server is Initiated
WARNING - 2014-07-30 13:05:12,964 - shinyeht logout successfully.
WARNING - 2014-07-30 13:05:19,942 - shinyeht login into the bugzilla successfully.
WARNING - 2014-07-30 13:05:23,517 - shinyeht queries for assigned_to:shinyeht	 fix_by_product:	 fix_by_version:	 product:.
WARNING - 2014-07-30 13:05:58,876 - Python Server is Initiated
WARNING - 2014-07-30 13:06:17,031 - Python Server is Initiated
WARNING - 2014-07-30 13:06:39,164 - Python Server is Initiated
WARNING - 2014-07-30 13:06:45,509 - Python Server is Initiated
WARNING - 2014-07-30 13:06:46,906 - shinyeht logout successfully.
WARNING - 2014-07-30 13:06:58,846 - shinyeht login into the bugzilla successfully.
WARNING - 2014-07-30 13:07:03,628 - shinyeht queries for assigned_to:shinyeht	 fix_by_product:	 fix_by_version:	 product:.
WARNING - 2014-07-30 13:07:28,592 - Python Server is Initiated
WARNING - 2014-07-30 13:07:31,611 - shinyeht logout successfully.
WARNING - 2014-07-30 13:07:37,061 - shinyeht login into the bugzilla successfully.
WARNING - 2014-07-30 13:07:43,868 - shinyeht queries for assigned_to:shinyeht	 fix_by_product:	 fix_by_version:	 product:.
WARNING - 2014-07-30 13:08:25,209 - Python Server is Initiated
WARNING - 2014-07-30 13:09:43,414 - shinyeht logout successfully.
WARNING - 2014-07-30 13:09:47,327 - shinyeht login into the bugzilla successfully.
WARNING - 2014-07-30 13:09:50,856 - shinyeht queries for assigned_to:shinyeht	 fix_by_product:	 fix_by_version:	 product:.
WARNING - 2014-07-30 13:12:10,291 - Python Server is Initiated
WARNING - 2014-07-30 13:13:47,236 - Python Server is Initiated
WARNING - 2014-07-30 13:14:59,907 - Python Server is Initiated
WARNING - 2014-07-30 13:16:49,840 - Python Server is Initiated
WARNING - 2014-07-30 13:17:14,911 - Python Server is Initiated
WARNING - 2014-07-30 13:17:26,158 - Python Server is Initiated
WARNING - 2014-07-30 13:17:52,355 - Python Server is Initiated
WARNING - 2014-07-30 13:18:21,354 - Python Server is Initiated
WARNING - 2014-07-30 13:19:26,851 - Python Server is Initiated
WARNING - 2014-07-30 13:19:38,197 - Python Server is Initiated
WARNING - 2014-07-30 13:19:46,067 - Python Server is Initiated
WARNING - 2014-07-30 13:19:52,780 - shinyeht logout successfully.
WARNING - 2014-07-30 13:19:55,610 - shinyeht login into the bugzilla successfully.
WARNING - 2014-07-30 13:19:58,962 - shinyeht queries for assigned_to:shinyeht	 fix_by_product:	 fix_by_version:	 product:.
WARNING - 2014-07-30 13:20:19,802 - shinyeht processings are not approved since the product name '' is wrong.
WARNING - 2014-07-30 13:20:19,811 - shinyeht processings are not approved since the version name '' is wrong.
WARNING - 2014-07-30 13:20:52,887 - Python Server is Initiated
WARNING - 2014-07-30 13:21:36,333 - Python Server is Initiated
WARNING - 2014-07-30 13:21:53,747 - Python Server is Initiated
WARNING - 2014-07-30 13:21:56,211 - shinyeht logout successfully.
WARNING - 2014-07-30 13:21:58,894 - shinyeht login into the bugzilla successfully.
WARNING - 2014-07-30 13:22:02,317 - shinyeht queries for assigned_to:shinyeht	 fix_by_product:	 fix_by_version:	 product:.
WARNING - 2014-07-30 13:23:26,671 - Python Server is Initiated
WARNING - 2014-07-30 13:23:30,125 - shinyeht logout successfully.
WARNING - 2014-07-30 13:23:33,130 - shinyeht login into the bugzilla successfully.
WARNING - 2014-07-30 13:23:36,733 - shinyeht queries for assigned_to:shinyeht	 fix_by_product:	 fix_by_version:	 product:.
WARNING - 2014-07-30 13:25:16,735 - Python Server is Initiated
WARNING - 2014-07-30 13:25:22,942 - Python Server is Initiated
WARNING - 2014-07-30 13:25:26,269 - shinyeht logout successfully.
WARNING - 2014-07-30 13:25:29,826 - shinyeht login into the bugzilla successfully.
WARNING - 2014-07-30 13:25:33,213 - shinyeht queries for assigned_to:shinyeht	 fix_by_product:	 fix_by_version:	 product:.
WARNING - 2014-07-30 13:26:28,588 - Python Server is Initiated
WARNING - 2014-07-30 13:26:42,692 - Python Server is Initiated
WARNING - 2014-07-30 13:26:49,740 - Python Server is Initiated
WARNING - 2014-07-30 13:28:52,312 - Python Server is Initiated
WARNING - 2014-07-30 13:28:54,380 - Python Server is Initiated
WARNING - 2014-07-30 13:28:58,532 - shinyeht logout successfully.
WARNING - 2014-07-30 13:29:02,027 - shinyeht login into the bugzilla successfully.
WARNING - 2014-07-30 13:29:04,832 - shinyeht queries for assigned_to:shinyeht	 fix_by_product:	 fix_by_version:	 product:.
WARNING - 2014-07-30 13:31:18,337 - shinyeht processings are not approved since the phase name '' is wrong.
WARNING - 2014-07-30 13:32:12,149 - Python Server is Initiated
WARNING - 2014-07-30 13:32:57,595 - Python Server is Initiated
WARNING - 2014-07-30 13:33:51,153 - Python Server is Initiated
WARNING - 2014-07-30 13:35:19,962 - Python Server is Initiated
WARNING - 2014-07-30 13:35:25,756 - shinyeht logout successfully.
WARNING - 2014-07-30 13:35:28,549 - shinyeht login into the bugzilla successfully.
WARNING - 2014-07-30 13:35:32,042 - shinyeht queries for assigned_to:shinyeht	 fix_by_product:	 fix_by_version:	 product:.
WARNING - 2014-07-30 13:35:47,636 - shinyeht processings are not approved since the version name '' is wrong.
WARNING - 2014-07-30 13:36:14,593 - Python Server is Initiated
WARNING - 2014-07-30 13:36:17,749 - Python Server is Initiated
WARNING - 2014-07-30 13:36:29,329 - shinyeht logout successfully.
WARNING - 2014-07-30 13:36:32,200 - shinyeht login into the bugzilla successfully.
WARNING - 2014-07-30 13:36:35,609 - shinyeht queries for assigned_to:shinyeht	 fix_by_product:	 fix_by_version:	 product:.
WARNING - 2014-07-30 13:36:54,379 - shinyeht processings are not approved since the product name '' is wrong.
WARNING - 2014-07-30 13:37:49,730 - Python Server is Initiated
WARNING - 2014-07-30 13:37:59,620 - shinyeht logout successfully.
WARNING - 2014-07-30 13:38:03,925 - shinyeht login into the bugzilla successfully.
WARNING - 2014-07-30 13:38:07,391 - shinyeht queries for assigned_to:shinyeht	 fix_by_product:	 fix_by_version:	 product:.
WARNING - 2014-07-30 13:40:49,343 - Python Server is Initiated
WARNING - 2014-07-30 13:41:01,974 - Python Server is Initiated
WARNING - 2014-07-30 13:41:04,160 - shinyeht logout successfully.
WARNING - 2014-07-30 13:41:07,153 - shinyeht login into the bugzilla successfully.
WARNING - 2014-07-30 13:41:10,878 - shinyeht queries for assigned_to:shinyeht	 fix_by_product:	 fix_by_version:	 product:.
WARNING - 2014-07-30 13:41:57,108 - shinyeht processings are not approved since the product name 'ffff' is wrong.
WARNING - 2014-07-30 13:46:14,860 - Python Server is Initiated
WARNING - 2014-07-30 13:46:17,067 - Python Server is Initiated
WARNING - 2014-07-30 13:46:23,149 - shinyeht logout successfully.
WARNING - 2014-07-30 13:46:25,498 - shinyeht login into the bugzilla successfully.
WARNING - 2014-07-30 13:46:28,807 - shinyeht queries for assigned_to:shinyeht	 fix_by_product:	 fix_by_version:	 product:.
WARNING - 2014-07-30 13:49:54,116 - Python Server is Initiated
WARNING - 2014-07-30 13:50:01,571 - shinyeht logout successfully.
WARNING - 2014-07-30 13:50:04,622 - shinyeht login into the bugzilla successfully.
WARNING - 2014-07-30 13:50:07,943 - shinyeht queries for assigned_to:shinyeht	 fix_by_product:	 fix_by_version:	 product:.
WARNING - 2014-07-30 13:51:31,331 - Python Server is Initiated
WARNING - 2014-07-30 13:51:58,710 - Python Server is Initiated
WARNING - 2014-07-30 13:52:41,178 - Python Server is Initiated
WARNING - 2014-07-30 13:52:46,357 - Python Server is Initiated
WARNING - 2014-07-30 13:53:17,442 - Python Server is Initiated
WARNING - 2014-07-30 13:53:49,822 - Python Server is Initiated
WARNING - 2014-07-30 13:53:59,823 - Python Server is Initiated
WARNING - 2014-07-30 13:54:19,810 - Python Server is Initiated
WARNING - 2014-07-30 13:54:27,670 - Python Server is Initiated
WARNING - 2014-07-30 13:54:34,741 - Python Server is Initiated
WARNING - 2014-07-30 13:54:40,779 - Python Server is Initiated
WARNING - 2014-07-30 13:57:33,551 - Python Server is Initiated
WARNING - 2014-07-30 13:57:35,523 - Python Server is Initiated
WARNING - 2014-07-30 13:57:37,768 - shinyeht logout successfully.
WARNING - 2014-07-30 13:57:41,783 - shinyeht login into the bugzilla successfully.
WARNING - 2014-07-30 13:57:45,811 - shinyeht queries for assigned_to:shinyeht	 fix_by_product:	 fix_by_version:	 product:.
WARNING - 2014-07-30 13:58:42,850 - Python Server is Initiated
WARNING - 2014-07-30 13:58:47,195 - Python Server is Initiated
WARNING - 2014-07-30 13:58:50,265 - shinyeht logout successfully.
WARNING - 2014-07-30 13:58:53,156 - shinyeht login into the bugzilla successfully.
WARNING - 2014-07-30 13:58:57,377 - shinyeht queries for assigned_to:shinyeht	 fix_by_product:	 fix_by_version:	 product:.
WARNING - 2014-07-30 14:00:04,885 - Python Server is Initiated
WARNING - 2014-07-30 14:00:13,179 - Python Server is Initiated
WARNING - 2014-07-30 14:00:13,525 - shinyeht logout successfully.
WARNING - 2014-07-30 14:00:20,141 - shinyeht login into the bugzilla successfully.
WARNING - 2014-07-30 14:00:23,661 - shinyeht queries for assigned_to:shinyeht	 fix_by_product:	 fix_by_version:	 product:.
WARNING - 2014-07-30 14:02:57,833 - Python Server is Initiated
WARNING - 2014-07-30 14:03:54,311 - Python Server is Initiated
WARNING - 2014-07-30 14:06:55,925 - Python Server is Initiated
WARNING - 2014-07-30 14:07:55,648 - Python Server is Initiated
WARNING - 2014-07-30 14:08:12,947 - Python Server is Initiated
WARNING - 2014-07-30 14:09:16,001 - Python Server is Initiated
WARNING - 2014-07-30 14:09:24,212 - Python Server is Initiated
WARNING - 2014-07-30 14:09:44,307 - Python Server is Initiated
WARNING - 2014-07-30 14:09:55,453 - Python Server is Initiated
WARNING - 2014-07-30 14:10:00,556 - Python Server is Initiated
WARNING - 2014-07-30 14:11:13,364 - Python Server is Initiated
WARNING - 2014-07-30 14:12:06,874 - Python Server is Initiated
WARNING - 2014-07-30 14:12:24,264 - Python Server is Initiated
WARNING - 2014-07-30 14:12:40,171 - shinyeht logout successfully.
WARNING - 2014-07-30 14:12:43,082 - shinyeht login into the bugzilla successfully.
WARNING - 2014-07-30 14:12:46,815 - shinyeht queries for assigned_to:shinyeht	 fix_by_product:	 fix_by_version:	 product:.
WARNING - 2014-07-30 14:15:33,935 - Python Server is Initiated
WARNING - 2014-07-30 14:15:40,960 - Python Server is Initiated
WARNING - 2014-07-30 14:16:00,290 - Python Server is Initiated
WARNING - 2014-07-30 14:16:05,612 - shinyeht logout successfully.
WARNING - 2014-07-30 14:16:08,834 - shinyeht login into the bugzilla successfully.
WARNING - 2014-07-30 14:16:12,074 - shinyeht queries for assigned_to:shinyeht	 fix_by_product:	 fix_by_version:	 product:.
WARNING - 2014-07-30 14:37:17,106 - Python Server is Initiated
WARNING - 2014-07-30 14:37:58,554 - Python Server is Initiated
WARNING - 2014-07-30 19:06:37,086 - Python Server is Initiated
WARNING - 2014-07-30 19:06:38,908 - Python Server is Initiated
WARNING - 2014-07-30 19:06:42,933 - shinyeht logout successfully.
WARNING - 2014-07-30 19:06:46,015 - shinyeht login into the bugzilla successfully.
WARNING - 2014-07-30 19:06:49,565 - shinyeht queries for assigned_to:letian	 fix_by_product:	 fix_by_version:	 product:.
WARNING - 2014-07-30 19:07:04,040 - shinyeht queries for assigned_to:shinyeht	 fix_by_product:	 fix_by_version:	 product:.
WARNING - 2014-07-30 19:08:58,634 - shinyeht queries for assigned_to:shinyeht	 fix_by_product:	 fix_by_version:	 product:.
WARNING - 2014-07-30 19:09:10,949 - shinyeht queries for assigned_to:shinyeht	 fix_by_product:	 fix_by_version:	 product:.
WARNING - 2014-07-31 10:10:33,273 - Python Server is Initiated
WARNING - 2014-07-31 10:10:35,537 - Python Server is Initiated
WARNING - 2014-07-31 10:10:58,944 - Python Server is Initiated
WARNING - 2014-07-31 10:11:08,972 - Python Server is Initiated
WARNING - 2014-07-31 10:12:04,383 - Python Server is Initiated
WARNING - 2014-07-31 10:12:20,625 - Python Server is Initiated
WARNING - 2014-07-31 10:12:26,857 - Python Server is Initiated
WARNING - 2014-07-31 10:19:32,288 - shinyeht queries for assigned_to:shinyeht	 fix_by_product:	 fix_by_version:	 product:.
WARNING - 2014-07-31 10:19:32,300 - Bugzilla Database Reconnect
WARNING - 2014-07-31 10:23:12,412 - Python Server is Initiated
WARNING - 2014-07-31 10:24:46,693 - shinyeht queries for assigned_to:letian	 fix_by_product:	 fix_by_version:	 product:.
WARNING - 2014-07-31 10:26:06,934 - shinyeht logout successfully.
WARNING - 2014-07-31 10:26:10,684 - shinyeht login into the bugzilla successfully.
WARNING - 2014-07-31 10:26:31,068 - shinyeht queries for assigned_to:shinyeht	 fix_by_product:vSphere	 fix_by_version:5.1 U3	 product:.
WARNING - 2014-07-31 10:26:42,863 - shinyeht add keywords:(cosmetic) to 1285687.
WARNING - 2014-07-31 10:27:01,967 - shinyeht queries for assigned_to:shinyeht	 fix_by_product:	 fix_by_version:	 product:.
WARNING - 2014-07-31 10:35:19,103 - Python Server is Initiated
WARNING - 2014-07-31 10:53:15,323 - Python Server is Initiated
WARNING - 2014-07-31 10:53:17,923 - Python Server is Initiated
WARNING - 2014-07-31 11:05:15,520 - Python Server is Initiated
WARNING - 2014-07-31 11:05:32,961 - Python Server is Initiated
WARNING - 2014-07-31 11:05:47,406 - Python Server is Initiated
WARNING - 2014-07-31 11:11:01,622 - Python Server is Initiated
WARNING - 2014-07-31 11:11:03,768 - Python Server is Initiated
WARNING - 2014-07-31 11:11:17,945 - Python Server is Initiated
WARNING - 2014-07-31 11:11:34,034 - Python Server is Initiated
WARNING - 2014-07-31 11:14:15,748 - Python Server is Initiated
WARNING - 2014-07-31 11:16:25,264 - Python Server is Initiated
WARNING - 2014-07-31 11:17:05,675 - Python Server is Initiated
WARNING - 2014-07-31 11:18:59,736 - Python Server is Initiated
WARNING - 2014-07-31 11:19:19,058 - Python Server is Initiated
WARNING - 2014-07-31 11:19:57,987 - Python Server is Initiated
WARNING - 2014-07-31 11:21:06,894 - Python Server is Initiated
WARNING - 2014-07-31 11:21:29,145 - Python Server is Initiated
WARNING - 2014-07-31 11:22:53,130 - Python Server is Initiated
WARNING - 2014-07-31 11:23:02,295 - Python Server is Initiated
WARNING - 2014-07-31 11:23:27,588 - Python Server is Initiated
WARNING - 2014-07-31 11:26:37,501 - Python Server is Initiated
WARNING - 2014-07-31 11:26:39,476 - Python Server is Initiated
WARNING - 2014-07-31 11:26:41,701 - shinyeht logout successfully.
WARNING - 2014-07-31 11:26:44,344 - shinyeht login into the bugzilla successfully.
WARNING - 2014-07-31 11:30:56,549 - Python Server is Initiated
WARNING - 2014-07-31 11:31:36,931 - Python Server is Initiated
WARNING - 2014-07-31 11:31:45,700 - Python Server is Initiated
WARNING - 2014-07-31 11:33:18,525 - Python Server is Initiated
WARNING - 2014-07-31 11:33:20,528 - Python Server is Initiated
WARNING - 2014-07-31 11:34:26,021 - Python Server is Initiated
WARNING - 2014-07-31 11:34:49,224 - Python Server is Initiated
WARNING - 2014-07-31 11:35:00,356 - shinyeht queries for assigned_to:shinyeht	 fix_by_product:	 fix_by_version:	 product:.
WARNING - 2014-07-31 11:35:09,813 - shinyeht login into the bugzilla successfully.
WARNING - 2014-07-31 11:35:13,806 - shinyeht queries for assigned_to:shinyeht	 fix_by_product:	 fix_by_version:	 product:.
WARNING - 2014-07-31 11:36:04,187 - shinyeht queries for assigned_to:shinyeht	 fix_by_product:vSphere	 fix_by_version:5.1 U3	 product:.
WARNING - 2014-07-31 11:38:16,206 - Python Server is Initiated
WARNING - 2014-07-31 11:39:35,071 - Python Server is Initiated
WARNING - 2014-07-31 11:39:42,356 - Python Server is Initiated
WARNING - 2014-07-31 11:39:46,011 - shinyeht queries for assigned_to:shinyeht	 fix_by_product:	 fix_by_version:	 product:.
WARNING - 2014-07-31 11:40:00,459 - Python Server is Initiated
WARNING - 2014-07-31 11:40:02,427 - shinyeht queries for assigned_to:shinyeht	 fix_by_product:	 fix_by_version:	 product:.
WARNING - 2014-07-31 11:40:22,958 - Python Server is Initiated
WARNING - 2014-07-31 11:40:27,324 - shinyeht queries for assigned_to:shinyeht	 fix_by_product:	 fix_by_version:	 product:.
WARNING - 2014-07-31 11:40:39,075 - shinyeht queries for assigned_to:shinyeht	 fix_by_product:vSphere	 fix_by_version:5.1 U3	 product:.
WARNING - 2014-07-31 11:40:48,147 - shinyeht queries for assigned_to:shinyeht	 fix_by_product:	 fix_by_version:	 product:.
WARNING - 2014-07-31 11:41:57,050 - Python Server is Initiated
WARNING - 2014-07-31 11:42:02,127 - Python Server is Initiated
WARNING - 2014-07-31 11:42:09,600 - shinyeht queries for assigned_to:shinyeht	 fix_by_product:	 fix_by_version:	 product:.
WARNING - 2014-07-31 11:42:24,220 - shinyeht queries for assigned_to:shinyeht	 fix_by_product:vSphere	 fix_by_version:5.1 U3	 product:.
WARNING - 2014-07-31 11:45:05,005 - Python Server is Initiated
WARNING - 2014-07-31 11:47:03,127 - Python Server is Initiated
WARNING - 2014-07-31 11:47:11,287 - Python Server is Initiated
WARNING - 2014-07-31 11:49:03,537 - shinyeht queries for assigned_to:shinyeht	 fix_by_product:	 fix_by_version:	 product:.
WARNING - 2014-07-31 11:49:42,301 - shinyeht queries for assigned_to:letian,hillzhao,shinyeht,hxie,chwang	 fix_by_product:	 fix_by_version:	 product:.
WARNING - 2014-07-31 13:11:17,466 - shinyeht queries for assigned_to:shinyeht	 fix_by_product:	 fix_by_version:	 product:.
WARNING - 2014-07-31 13:11:17,477 - Bugzilla Database Reconnect
WARNING - 2014-07-31 13:13:44,876 - shinyeht queries for assigned_to:letian	 fix_by_product:	 fix_by_version:	 product:.
WARNING - 2014-07-31 13:14:52,687 - shinyeht queries for assigned_to:letian	 fix_by_product:	 fix_by_version:	 product:.
WARNING - 2014-07-31 13:21:55,250 - shinyeht logout successfully.
WARNING - 2014-07-31 13:22:10,790 - metric-group fails to login into the bugzilla.
WARNING - 2014-07-31 13:22:21,378 - metricgroup fails to login into the bugzilla.
WARNING - 2014-07-31 13:22:29,796 - shinyeht login into the bugzilla successfully.
WARNING - 2014-07-31 13:22:42,152 - shinyeht logout successfully.
WARNING - 2014-07-31 13:22:56,742 - fangchiw login into the bugzilla successfully.
WARNING - 2014-07-31 13:23:54,437 - fangchiw queries for assigned_to:hillzhao,fangchiw,letian,shiyaoy	 fix_by_product:	 fix_by_version:	 product:.
WARNING - 2014-07-31 13:23:54,543 - Bugzilla Database Reconnect
